android/app/build/intermediates/manifest_merge_blame_file/release/manifest-merger-blame-release-report.txt
1<?xml version="1.0" encoding="utf-8"?>
2<manifest xmlns:android="http://schemas.android.com/apk/res/android"
3    package="com.rn_starter_kit"
4    android:versionCode="1"
5    android:versionName="1.0" >
6
7    <uses-sdk
8        android:minSdkVersion="16"
8-->src/main/AndroidManifest.xml
9        android:targetSdkVersion="28" />
9-->src/main/AndroidManifest.xml
10
11    <uses-permission android:name="android.permission.INTERNET" />
11-->src/main/AndroidManifest.xml:4:5-67
11-->src/main/AndroidManifest.xml:4:22-64
12    <uses-permission android:name="android.permission.ACCESS_NETWORK_STATE" />
12-->[:react-native-community_netinfo] AndroidManifest.xml:9:5-79
12-->[:react-native-community_netinfo] AndroidManifest.xml:9:22-76
13    <uses-permission android:name="android.permission.ACCESS_WIFI_STATE" />
13-->[:react-native-community_netinfo] AndroidManifest.xml:10:5-76
13-->[:react-native-community_netinfo] AndroidManifest.xml:10:22-73
14    <uses-permission android:name="com.google.android.finsky.permission.BIND_GET_INSTALL_REFERRER_SERVICE" />
14-->[com.android.installreferrer:installreferrer:1.0] AndroidManifest.xml:9:5-110
14-->[com.android.installreferrer:installreferrer:1.0] AndroidManifest.xml:9:22-107
15
16    <application
16-->src/main/AndroidManifest.xml:6:5-29:19
17        android:name="com.rn_starter_kit.MainApplication"
17-->src/main/AndroidManifest.xml:7:7-38
18        android:allowBackup="false"
18-->src/main/AndroidManifest.xml:11:7-34
19        android:appComponentFactory="androidx.core.app.CoreComponentFactory"
19-->[androidx.core:core:1.3.2] AndroidManifest.xml:24:18-86
20        android:icon="@mipmap/ic_launcher"
20-->src/main/AndroidManifest.xml:9:7-41
21        android:label="@string/app_name"
21-->src/main/AndroidManifest.xml:8:7-39
22        android:roundIcon="@mipmap/ic_launcher_round"
22-->src/main/AndroidManifest.xml:10:7-52
23        android:supportsRtl="true"
23-->[com.facebook.android:facebook-android-sdk:5.15.3] AndroidManifest.xml:28:18-44
24        android:testOnly="true"
25        android:theme="@style/AppTheme" >
25-->src/main/AndroidManifest.xml:12:7-38
26        <meta-data
26-->src/main/AndroidManifest.xml:13:7-15:68
27            android:name="com.google.android.geo.API_KEY"
27-->src/main/AndroidManifest.xml:14:11-56
28            android:value="AIzaSyDOJM4bdpX3wXWQyx1m5mkQCFohWn1S7pI" />
28-->src/main/AndroidManifest.xml:15:11-66
29
30        <activity
30-->src/main/AndroidManifest.xml:16:7-26:18
31            android:name="com.rn_starter_kit.MainActivity"
31-->src/main/AndroidManifest.xml:17:9-37
32            android:configChanges="keyboard|keyboardHidden|orientation|screenSize|uiMode"
32-->src/main/AndroidManifest.xml:19:9-86
33            android:label="@string/app_name"
33-->src/main/AndroidManifest.xml:18:9-41
34            android:launchMode="singleTask"
34-->src/main/AndroidManifest.xml:20:9-40
35            android:windowSoftInputMode="adjustResize" >
35-->src/main/AndroidManifest.xml:21:9-51
36            <intent-filter>
36-->src/main/AndroidManifest.xml:22:9-25:25
37                <action android:name="android.intent.action.MAIN" />
37-->src/main/AndroidManifest.xml:23:13-65
37-->src/main/AndroidManifest.xml:23:21-62
38
39                <category android:name="android.intent.category.LAUNCHER" />
39-->src/main/AndroidManifest.xml:24:13-73
39-->src/main/AndroidManifest.xml:24:23-70
40            </intent-filter>
41        </activity>
42        <activity android:name="com.facebook.react.devsupport.DevSettingsActivity" />
42-->src/main/AndroidManifest.xml:27:7-84
42-->src/main/AndroidManifest.xml:27:17-81
43
44        <meta-data
44-->src/main/AndroidManifest.xml:28:7-105
45            android:name="com.facebook.sdk.ApplicationId"
45-->src/main/AndroidManifest.xml:28:18-63
46            android:value="@string/facebook_app_id" />
46-->src/main/AndroidManifest.xml:28:64-103
47
48        <activity
48-->[com.facebook.android:facebook-common:5.15.3] AndroidManifest.xml:30:9-33:66
49            android:name="com.facebook.FacebookActivity"
49-->[com.facebook.android:facebook-common:5.15.3] AndroidManifest.xml:31:13-57
50            android:configChanges="keyboard|keyboardHidden|screenLayout|screenSize|orientation"
50-->[com.facebook.android:facebook-common:5.15.3] AndroidManifest.xml:32:13-96
51            android:theme="@style/com_facebook_activity_theme" />
51-->[com.facebook.android:facebook-common:5.15.3] AndroidManifest.xml:33:13-63
52        <activity android:name="com.facebook.CustomTabMainActivity" />
52-->[com.facebook.android:facebook-common:5.15.3] AndroidManifest.xml:34:9-71
52-->[com.facebook.android:facebook-common:5.15.3] AndroidManifest.xml:34:19-68
53        <activity
53-->[com.facebook.android:facebook-common:5.15.3] AndroidManifest.xml:35:9-49:20
54            android:name="com.facebook.CustomTabActivity"
54-->[com.facebook.android:facebook-common:5.15.3] AndroidManifest.xml:36:13-58
55            android:exported="true" >
55-->[com.facebook.android:facebook-common:5.15.3] AndroidManifest.xml:37:13-36
56            <intent-filter>
56-->[com.facebook.android:facebook-common:5.15.3] AndroidManifest.xml:39:13-48:29
57                <action android:name="android.intent.action.VIEW" />
57-->[com.facebook.android:facebook-common:5.15.3] AndroidManifest.xml:40:17-69
57-->[com.facebook.android:facebook-common:5.15.3] AndroidManifest.xml:40:25-66
58
59                <category android:name="android.intent.category.DEFAULT" />
59-->[com.facebook.android:facebook-common:5.15.3] AndroidManifest.xml:42:17-76
59-->[com.facebook.android:facebook-common:5.15.3] AndroidManifest.xml:42:27-73
60                <category android:name="android.intent.category.BROWSABLE" />
60-->[com.facebook.android:facebook-common:5.15.3] AndroidManifest.xml:43:17-78
60-->[com.facebook.android:facebook-common:5.15.3] AndroidManifest.xml:43:27-75
61
62                <data
62-->[com.facebook.android:facebook-common:5.15.3] AndroidManifest.xml:45:17-47:50
63                    android:host="cct.com.rn_starter_kit"
63-->[com.facebook.android:facebook-common:5.15.3] AndroidManifest.xml:46:21-56
64                    android:scheme="fbconnect" />
64-->[com.facebook.android:facebook-common:5.15.3] AndroidManifest.xml:47:21-47
65            </intent-filter>
66        </activity>
67        <!--
68         The initialization ContentProvider will call FacebookSdk.sdkInitialize automatically
69         with the application context. This config is merged in with the host app's manifest,
70         but there can only be one provider with the same authority activated at any given
71         point; so if the end user has two or more different apps that use Facebook SDK, only the
72         first one will be able to use the provider. To work around this problem, we use the
73         following placeholder in the authority to identify each host application as if it was
74         a completely different provider.
75        -->
76        <provider
76-->[com.facebook.android:facebook-core:5.15.3] AndroidManifest.xml:39:9-42:40
77            android:name="com.facebook.internal.FacebookInitProvider"
77-->[com.facebook.android:facebook-core:5.15.3] AndroidManifest.xml:40:13-70
78            android:authorities="com.rn_starter_kit.FacebookInitProvider"
78-->[com.facebook.android:facebook-core:5.15.3] AndroidManifest.xml:41:13-72
79            android:exported="false" />
79-->[com.facebook.android:facebook-core:5.15.3] AndroidManifest.xml:42:13-37
80
81        <receiver
81-->[com.facebook.android:facebook-core:5.15.3] AndroidManifest.xml:44:9-50:20
82            android:name="com.facebook.CurrentAccessTokenExpirationBroadcastReceiver"
82-->[com.facebook.android:facebook-core:5.15.3] AndroidManifest.xml:45:13-86
83            android:exported="false" >
83-->[com.facebook.android:facebook-core:5.15.3] AndroidManifest.xml:46:13-37
84            <intent-filter>
84-->[com.facebook.android:facebook-core:5.15.3] AndroidManifest.xml:47:13-49:29
85                <action android:name="com.facebook.sdk.ACTION_CURRENT_ACCESS_TOKEN_CHANGED" />
85-->[com.facebook.android:facebook-core:5.15.3] AndroidManifest.xml:48:17-95
85-->[com.facebook.android:facebook-core:5.15.3] AndroidManifest.xml:48:25-92
86            </intent-filter>
87        </receiver>
88    </application>
89
90</manifest>